This is pdfTeX, Version 3.141592653-2.6-1.40.24 (MiKTeX 23.1) (preloaded format=pdflatex 2023.3.31)  17 APR 2023 19:38
entering extended mode
 restricted \write18 enabled.
 file:line:error style messages enabled.
 %&-line parsing enabled.
**"g:/My Drive/Studia/Studia_sem_4/SDiZO/projekt/Projekt1/Sprawozdanie/Sprawozdanie.tex"
(g:/My Drive/Studia/Studia_sem_4/SDiZO/projekt/Projekt1/Sprawozdanie/Sprawozdanie.tex
LaTeX2e <2022-11-01> patch level 1
L3 programming layer <2023-02-22> (C:\Users\dzied\AppData\Local\Programs\MiKTeX\tex/latex/base\article.cls
Document Class: article 2022/07/02 v1.4n Standard LaTeX document class
(C:\Users\dzied\AppData\Local\Programs\MiKTeX\tex/latex/base\size10.clo
File: size10.clo 2022/07/02 v1.4n Standard LaTeX file (size option)
)
\c@part=\count185
\c@section=\count186
\c@subsection=\count187
\c@subsubsection=\count188
\c@paragraph=\count189
\c@subparagraph=\count190
\c@figure=\count191
\c@table=\count192
\abovecaptionskip=\skip48
\belowcaptionskip=\skip49
\bibindent=\dimen140
) (C:\Users\dzied\AppData\Local\Programs\MiKTeX\tex/latex/geometry\geometry.sty
Package: geometry 2020/01/02 v5.9 Page Geometry
 (C:\Users\dzied\AppData\Local\Programs\MiKTeX\tex/latex/graphics\keyval.sty
Package: keyval 2022/05/29 v1.15 key=value parser (DPC)
\KV@toks@=\toks16
) (C:\Users\dzied\AppData\Local\Programs\MiKTeX\tex/generic/iftex\ifvtex.sty
Package: ifvtex 2019/10/25 v1.7 ifvtex legacy package. Use iftex instead.
 (C:\Users\dzied\AppData\Local\Programs\MiKTeX\tex/generic/iftex\iftex.sty
Package: iftex 2022/02/03 v1.0f TeX engine tests
))
\Gm@cnth=\count193
\Gm@cntv=\count194
\c@Gm@tempcnt=\count195
\Gm@bindingoffset=\dimen141
\Gm@wd@mp=\dimen142
\Gm@odd@mp=\dimen143
\Gm@even@mp=\dimen144
\Gm@layoutwidth=\dimen145
\Gm@layoutheight=\dimen146
\Gm@layouthoffset=\dimen147
\Gm@layoutvoffset=\dimen148
\Gm@dimlist=\toks17
 (C:\Users\dzied\AppData\Local\Programs\MiKTeX\tex/latex/geometry\geometry.cfg)) (C:\Users\dzied\AppData\Local\Programs\MiKTeX\tex/latex/graphics\graphicx.sty
Package: graphicx 2021/09/16 v1.2d Enhanced LaTeX Graphics (DPC,SPQR)
 (C:\Users\dzied\AppData\Local\Programs\MiKTeX\tex/latex/graphics\graphics.sty
Package: graphics 2022/03/10 v1.4e Standard LaTeX Graphics (DPC,SPQR)
 (C:\Users\dzied\AppData\Local\Programs\MiKTeX\tex/latex/graphics\trig.sty
Package: trig 2021/08/11 v1.11 sin cos tan (DPC)
) (C:\Users\dzied\AppData\Local\Programs\MiKTeX\tex/latex/graphics-cfg\graphics.cfg
File: graphics.cfg 2016/06/04 v1.11 sample graphics configuration
)
Package graphics Info: Driver file: pdftex.def on input line 107.
 (C:\Users\dzied\AppData\Local\Programs\MiKTeX\tex/latex/graphics-def\pdftex.def
File: pdftex.def 2022/09/22 v1.2b Graphics/color driver for pdftex
))
\Gin@req@height=\dimen149
\Gin@req@width=\dimen150
) (C:\Users\dzied\AppData\Local\Programs\MiKTeX\tex/latex/base\fontenc.sty
Package: fontenc 2021/04/29 v2.0v Standard LaTeX package
) (C:\Users\dzied\AppData\Local\Programs\MiKTeX\tex/generic/babel\babel.sty
Package: babel 2023/02/13 3.86 The Babel package
\babel@savecnt=\count196
\U@D=\dimen151
\l@unhyphenated=\language79
 (C:\Users\dzied\AppData\Local\Programs\MiKTeX\tex/generic/babel\txtbabel.def)
\bbl@readstream=\read2
\bbl@dirlevel=\count197

*************************************
* Local config file bblopts.cfg used
*
(C:\Users\dzied\AppData\Local\Programs\MiKTeX\tex/latex/arabi\bblopts.cfg
File: bblopts.cfg 2005/09/08 v0.1 add Arabic and Farsi to "declared" options of babel
) (C:\Users\dzied\AppData\Local\Programs\MiKTeX\tex/latex/babel-polish\polish.ldf
Language: polish 2022/03/12 1.3 Babel support for Polish
Package babel Info: Making " an active character on input line 101.
)) (C:\Users\dzied\AppData\Local\Programs\MiKTeX\tex/generic/babel/locale/pl\babel-polish.tex
Package babel Info: Importing font and identification data for polish
(babel)             from babel-pl.ini. Reported on input line 11.
) (C:\Users\dzied\AppData\Local\Programs\MiKTeX\tex/latex/base\inputenc.sty
Package: inputenc 2021/02/14 v1.3d Input encoding file
\inpenc@prehook=\toks18
\inpenc@posthook=\toks19
) (C:\Users\dzied\AppData\Local\Programs\MiKTeX\tex/latex/float\float.sty
Package: float 2001/11/08 v1.3d Float enhancements (AL)
\c@float@type=\count198
\float@exts=\toks20
\float@box=\box51
\@float@everytoks=\toks21
\@floatcapt=\box52
) (C:\Users\dzied\AppData\Local\Programs\MiKTeX\tex/latex/tools\tabularx.sty
Package: tabularx 2020/01/15 v2.11c `tabularx' package (DPC)
 (C:\Users\dzied\AppData\Local\Programs\MiKTeX\tex/latex/tools\array.sty
Package: array 2022/09/04 v2.5g Tabular extension package (FMi)
\col@sep=\dimen152
\ar@mcellbox=\box53
\extrarowheight=\dimen153
\NC@list=\toks22
\extratabsurround=\skip50
\backup@length=\skip51
\ar@cellbox=\box54
)
\TX@col@width=\dimen154
\TX@old@table=\dimen155
\TX@old@col=\dimen156
\TX@target=\dimen157
\TX@delta=\dimen158
\TX@cols=\count199
\TX@ftn=\toks23
) (C:\Users\dzied\AppData\Local\Programs\MiKTeX\tex/latex/xcolor\xcolor.sty
Package: xcolor 2022/06/12 v2.14 LaTeX color extensions (UK)
 (C:\Users\dzied\AppData\Local\Programs\MiKTeX\tex/latex/graphics-cfg\color.cfg
File: color.cfg 2016/01/02 v1.6 sample color configuration
)
Package xcolor Info: Driver file: pdftex.def on input line 227.
 (C:\Users\dzied\AppData\Local\Programs\MiKTeX\tex/latex/colortbl\colortbl.sty
Package: colortbl 2022/06/20 v1.0f Color table columns (DPC)
\everycr=\toks24
\minrowclearance=\skip52
\rownum=\count266
) (C:\Users\dzied\AppData\Local\Programs\MiKTeX\tex/latex/graphics\mathcolor.ltx)
Package xcolor Info: Model `cmy' substituted by `cmy0' on input line 1353.
Package xcolor Info: Model `hsb' substituted by `rgb' on input line 1357.
Package xcolor Info: Model `RGB' extended on input line 1369.
Package xcolor Info: Model `HTML' substituted by `rgb' on input line 1371.
Package xcolor Info: Model `Hsb' substituted by `hsb' on input line 1372.
Package xcolor Info: Model `tHsb' substituted by `hsb' on input line 1373.
Package xcolor Info: Model `HSB' substituted by `hsb' on input line 1374.
Package xcolor Info: Model `Gray' substituted by `gray' on input line 1375.
Package xcolor Info: Model `wave' substituted by `hsb' on input line 1376.
) (C:\Users\dzied\AppData\Local\Programs\MiKTeX\tex/latex/lipsum\lipsum.sty (C:\Users\dzied\AppData\Local\Programs\MiKTeX\tex/latex/l3packages/l3keys2e\l3keys2e.sty (C:\Users\dzied\AppData\Local\Programs\MiKTeX\tex/latex/l3kernel\expl3.sty
Package: expl3 2023-02-22 L3 programming layer (loader) 
 (C:\Users\dzied\AppData\Local\Programs\MiKTeX\tex/latex/l3backend\l3backend-pdftex.def
File: l3backend-pdftex.def 2023-01-16 L3 backend support: PDF output (pdfTeX)
\l__color_backend_stack_int=\count267
\l__pdf_internal_box=\box55
))
Package: l3keys2e 2023-01-16 LaTeX2e option processing using LaTeX3 keys
)
Package: lipsum 2021-09-20 v2.7 150 paragraphs of Lorem Ipsum dummy text
\g__lipsum_par_int=\count268
\l__lipsum_a_int=\count269
\l__lipsum_b_int=\count270
 (C:\Users\dzied\AppData\Local\Programs\MiKTeX\tex/latex/lipsum\lipsum.ltd.tex)) (C:\Users\dzied\AppData\Local\Programs\MiKTeX\tex/latex/titlesec\titlesec.sty
Package: titlesec 2021/07/05 v2.14 Sectioning titles
\ttl@box=\box56
\beforetitleunit=\skip53
\aftertitleunit=\skip54
\ttl@plus=\dimen159
\ttl@minus=\dimen160
\ttl@toksa=\toks25
\titlewidth=\dimen161
\titlewidthlast=\dimen162
\titlewidthfirst=\dimen163
) (C:\Users\dzied\AppData\Local\Programs\MiKTeX\tex/latex/booktabs\booktabs.sty
Package: booktabs 2020/01/12 v1.61803398 Publication quality tables
\heavyrulewidth=\dimen164
\lightrulewidth=\dimen165
\cmidrulewidth=\dimen166
\belowrulesep=\dimen167
\belowbottomsep=\dimen168
\aboverulesep=\dimen169
\abovetopsep=\dimen170
\cmidrulesep=\dimen171
\cmidrulekern=\dimen172
\defaultaddspace=\dimen173
\@cmidla=\count271
\@cmidlb=\count272
\@aboverulesep=\dimen174
\@belowrulesep=\dimen175
\@thisruleclass=\count273
\@lastruleclass=\count274
\@thisrulewidth=\dimen176
) (C:\Users\dzied\AppData\Local\Programs\MiKTeX\tex/latex/tabularray\tabularray.sty
Package: tabularray 2023-03-01 v2023A Typeset tabulars and arrays with LaTeX3
\l__tblr_a_int=\count275
\l__tblr_c_int=\count276
\l__tblr_r_int=\count277
\l__tblr_d_dim=\dimen177
\l__tblr_h_dim=\dimen178
\l__tblr_o_dim=\dimen179
\l__tblr_p_dim=\dimen180
\l__tblr_q_dim=\dimen181
\l__tblr_r_dim=\dimen182
\l__tblr_s_dim=\dimen183
\l__tblr_t_dim=\dimen184
\l__tblr_v_dim=\dimen185
\l__tblr_w_dim=\dimen186
\l__tblr_a_box=\box57
\l__tblr_b_box=\box58
\l__tblr_c_box=\box59
\l__tblr_d_box=\box60
\g__tblr_table_count_int=\count278
\c@colnum=\count279
\c@rowcount=\count280
\c@colcount=\count281
\abovesep=\dimen187
\belowsep=\dimen188
\leftsep=\dimen189
\rightsep=\dimen190
\g_tblr_level_int=\count282
\g__tblr_data_row_key_count_int=\count283
\g__tblr_data_column_key_count_int=\count284
\g__tblr_data_cell_key_count_int=\count285
\g__tblr_array_int=\count286
\l__tblr_key_count_int=\count287
\l__tblr_key_quotient_int=\count288
\l__tblr_key_quotient_two_int=\count289
\l__tblr_key_remainder_int=\count290
\g__tblr_data_str_value_count_int=\count291
\rulewidth=\dimen191
\l__tblr_strut_dp_dim=\dimen192
\l__tblr_strut_ht_dim=\dimen193
\g__tblr_cell_wd_dim=\dimen194
\g__tblr_cell_ht_dim=\dimen195
\g__tblr_cell_head_dim=\dimen196
\g__tblr_cell_foot_dim=\dimen197
\l__column_target_dim=\dimen198
\l__tblr_caption_box=\box61
\l__tblr_caption_left_box=\box62
\l__tblr_row_head_box=\box63
\l__tblr_row_foot_box=\box64
\l__tblr_row_head_foot_dim=\dimen199
\tablewidth=\dimen256
\l__tblr_table_firsthead_box=\box65
\l__tblr_table_middlehead_box=\box66
\l__tblr_table_lasthead_box=\box67
\l__tblr_table_firstfoot_box=\box68
\l__tblr_table_middlefoot_box=\box69
\l__tblr_table_lastfoot_box=\box70
\l__tblr_remain_height_dim=\dimen257
\l__tblr_long_from_int=\count292
\l__tblr_long_to_int=\count293
\l__tblr_curr_i_int=\count294
\l__tblr_prev_i_int=\count295
\l__tblr_table_page_int=\count296
\l__tblr_table_head_box=\box71
\l__tblr_table_foot_box=\box72
\l__tblr_table_head_foot_dim=\dimen258
\l__tblr_table_head_body_foot_dim=\dimen259
\l__tblr_table_box=\box73
\l__tblr_table_hlines_box=\box74
\l__tblr_hline_box=\box75
\l__tblr_row_box=\box76
\l__tblr_col_o_wd_dim=\dimen260
\l__tblr_col_b_wd_dim=\dimen261
\l__tblr_hline_leftskip_dim=\dimen262
\l__tblr_hline_rightskip_dim=\dimen263
\l__tblr_row_ht_dim=\dimen264
\l__tblr_row_dp_dim=\dimen265
\l__tblr_row_abovesep_dim=\dimen266
\l__tblr_row_belowsep_dim=\dimen267
\l__tblr_row_vlines_box=\box77
\l__tblr_vline_box=\box78
\l__tblr_cell_box=\box79
\l__row_upper_dim=\dimen268
\l__row_lower_dim=\dimen269
\l__row_vpace_dim=\dimen270
\l__tblr_vline_aboveskip_dim=\dimen271
\l__tblr_vline_belowskip_dim=\dimen272
\l__tblr_cell_wd_dim=\dimen273
\l__tblr_cell_ht_dim=\dimen274
\l__tblr_diag_box=\box80
) (C:\Users\dzied\AppData\Local\Programs\MiKTeX\tex/latex/multirow\multirow.sty
Package: multirow 2021/03/15 v2.8 Span multiple rows of a table
\multirow@colwidth=\skip55
\multirow@cntb=\count297
\multirow@dima=\skip56
\bigstrutjot=\dimen275
) (Sprawozdanie.aux)
\openout1 = `Sprawozdanie.aux'.

LaTeX Font Info:    Checking defaults for OML/cmm/m/it on input line 37.
LaTeX Font Info:    ... okay on input line 37.
LaTeX Font Info:    Checking defaults for OMS/cmsy/m/n on input line 37.
LaTeX Font Info:    ... okay on input line 37.
LaTeX Font Info:    Checking defaults for OT1/cmr/m/n on input line 37.
LaTeX Font Info:    ... okay on input line 37.
LaTeX Font Info:    Checking defaults for T1/cmr/m/n on input line 37.
LaTeX Font Info:    ... okay on input line 37.
LaTeX Font Info:    Checking defaults for TS1/cmr/m/n on input line 37.
LaTeX Font Info:    ... okay on input line 37.
LaTeX Font Info:    Checking defaults for OMX/cmex/m/n on input line 37.
LaTeX Font Info:    ... okay on input line 37.
LaTeX Font Info:    Checking defaults for U/cmr/m/n on input line 37.
LaTeX Font Info:    ... okay on input line 37.

*geometry* driver: auto-detecting
*geometry* detected driver: pdftex
*geometry* verbose mode - [ preamble ] result:
* driver: pdftex
* paper: <default>
* layout: <same size as paper>
* layoutoffset:(h,v)=(0.0pt,0.0pt)
* modes: 
* h-part:(L,W,R)=(50.58878pt, 513.11745pt, 50.58878pt)
* v-part:(T,H,B)=(50.58878pt, 693.79243pt, 50.58878pt)
* \paperwidth=614.295pt
* \paperheight=794.96999pt
* \textwidth=513.11745pt
* \textheight=693.79243pt
* \oddsidemargin=-21.68121pt
* \evensidemargin=-21.68121pt
* \topmargin=-58.68121pt
* \headheight=12.0pt
* \headsep=25.0pt
* \topskip=10.0pt
* \footskip=30.0pt
* \marginparwidth=65.0pt
* \marginparsep=11.0pt
* \columnsep=10.0pt
* \skip\footins=9.0pt plus 4.0pt minus 2.0pt
* \hoffset=0.0pt
* \voffset=0.0pt
* \mag=1000
* \@twocolumnfalse
* \@twosidefalse
* \@mparswitchfalse
* \@reversemarginfalse
* (1in=72.27pt=25.4mm, 1cm=28.453pt)

(C:\Users\dzied\AppData\Local\Programs\MiKTeX\tex/context/base/mkii\supp-pdf.mkii
[Loading MPS to PDF converter (version 2006.09.02).]
\scratchcounter=\count298
\scratchdimen=\dimen276
\scratchbox=\box81
\nofMPsegments=\count299
\nofMParguments=\count300
\everyMPshowfont=\toks26
\MPscratchCnt=\count301
\MPscratchDim=\dimen277
\MPnumerator=\count302
\makeMPintoPDFobject=\count303
\everyMPtoPDFconversion=\toks27
) (C:\Users\dzied\AppData\Local\Programs\MiKTeX\tex/latex/epstopdf-pkg\epstopdf-base.sty
Package: epstopdf-base 2020-01-24 v2.11 Base part for package epstopdf
Package epstopdf-base Info: Redefining graphics rule for `.eps' on input line 485.
 (C:\Users\dzied\AppData\Local\Programs\MiKTeX\tex/latex/00miktex\epstopdf-sys.cfg
File: epstopdf-sys.cfg 2021/03/18 v2.0 Configuration of epstopdf for MiKTeX
)) (C:\Users\dzied\AppData\Local\Programs\MiKTeX\tex/latex/ninecolors\ninecolors.sty
Package: ninecolors 2022-02-13 vv2022D Select colors with proper color contrast
 (C:\Users\dzied\AppData\Local\Programs\MiKTeX\tex/latex/l3packages/xparse\xparse.sty
Package: xparse 2023-01-16 L3 Experimental document command parser
)) [1

{C:/Users/dzied/AppData/Local/MiKTeX/fonts/map/pdftex/pdftex.map}] (Sprawozdanie.toc
LaTeX Font Info:    External font `cmex10' loaded for size
(Font)              <7> on input line 3.
LaTeX Font Info:    External font `cmex10' loaded for size
(Font)              <5> on input line 3.
)
\tf@toc=\write3
\openout3 = `Sprawozdanie.toc'.

 (Sprawozdanie.lot [1])
\tf@lot=\write4
\openout4 = `Sprawozdanie.lot'.

 (Sprawozdanie.lof)
\tf@lof=\write5
\openout5 = `Sprawozdanie.lof'.

 [2] [3] [4]
<wykresy/arr/addFirst.png, id=27, 361.131pt x 217.467pt>
File: wykresy/arr/addFirst.png Graphic file (type png)
<use wykresy/arr/addFirst.png>
Package pdftex.def Info: wykresy/arr/addFirst.png  used on input line 236.
(pdftex.def)             Requested size: 306.96278pt x 184.8478pt.
 [5]
<wykresy/arr/addLast.png, id=31, 361.131pt x 217.467pt>
File: wykresy/arr/addLast.png Graphic file (type png)
<use wykresy/arr/addLast.png>
Package pdftex.def Info: wykresy/arr/addLast.png  used on input line 242.
(pdftex.def)             Requested size: 306.96278pt x 184.8478pt.
<wykresy/arr/addIndex.png, id=32, 361.131pt x 217.467pt>
File: wykresy/arr/addIndex.png Graphic file (type png)
<use wykresy/arr/addIndex.png>
Package pdftex.def Info: wykresy/arr/addIndex.png  used on input line 248.
(pdftex.def)             Requested size: 306.96278pt x 184.8478pt.
<wykresy/arr/removeFirst.png, id=33, 361.569pt x 217.467pt>
File: wykresy/arr/removeFirst.png Graphic file (type png)
<use wykresy/arr/removeFirst.png>
Package pdftex.def Info: wykresy/arr/removeFirst.png  used on input line 254.
(pdftex.def)             Requested size: 307.3351pt x 184.8478pt.
 [6 <./wykresy/arr/addFirst.png> <./wykresy/arr/addLast.png> <./wykresy/arr/addIndex.png>]
<wykresy/arr/removeLast.png, id=41, 361.569pt x 217.467pt>
File: wykresy/arr/removeLast.png Graphic file (type png)
<use wykresy/arr/removeLast.png>
Package pdftex.def Info: wykresy/arr/removeLast.png  used on input line 261.
(pdftex.def)             Requested size: 307.3351pt x 184.8478pt.
<wykresy/arr/removeIndex.png, id=42, 361.569pt x 217.467pt>
File: wykresy/arr/removeIndex.png Graphic file (type png)
<use wykresy/arr/removeIndex.png>
Package pdftex.def Info: wykresy/arr/removeIndex.png  used on input line 267.
(pdftex.def)             Requested size: 307.3351pt x 184.8478pt.
<wykresy/arr/find.png, id=43, 392.01pt x 217.467pt>
File: wykresy/arr/find.png Graphic file (type png)
<use wykresy/arr/find.png>
Package pdftex.def Info: wykresy/arr/find.png  used on input line 273.
(pdftex.def)             Requested size: 333.21007pt x 184.8478pt.
 [7 <./wykresy/arr/removeFirst.png> <./wykresy/arr/removeLast.png> <./wykresy/arr/removeIndex.png>]
<wykresy/table/addFirst.png, id=50, 362.007pt x 217.467pt>
File: wykresy/table/addFirst.png Graphic file (type png)
<use wykresy/table/addFirst.png>
Package pdftex.def Info: wykresy/table/addFirst.png  used on input line 324.
(pdftex.def)             Requested size: 307.7074pt x 184.8478pt.
 [8 <./wykresy/arr/find.png>]
<wykresy/table/addLast.png, id=55, 362.007pt x 217.467pt>
File: wykresy/table/addLast.png Graphic file (type png)
<use wykresy/table/addLast.png>
Package pdftex.def Info: wykresy/table/addLast.png  used on input line 330.
(pdftex.def)             Requested size: 307.7074pt x 184.8478pt.
<wykresy/table/addIndex.png, id=56, 361.788pt x 217.467pt>
File: wykresy/table/addIndex.png Graphic file (type png)
<use wykresy/table/addIndex.png>
Package pdftex.def Info: wykresy/table/addIndex.png  used on input line 336.
(pdftex.def)             Requested size: 307.52122pt x 184.8478pt.
<wykresy/table/removeFirst.png, id=57, 362.883pt x 217.467pt>
File: wykresy/table/removeFirst.png Graphic file (type png)
<use wykresy/table/removeFirst.png>
Package pdftex.def Info: wykresy/table/removeFirst.png  used on input line 342.
(pdftex.def)             Requested size: 308.452pt x 184.8478pt.
 [9 <./wykresy/table/addFirst.png> <./wykresy/table/addLast.png> <./wykresy/table/addIndex.png>]
<wykresy/table/removeLast.png, id=64, 363.102pt x 217.467pt>
File: wykresy/table/removeLast.png Graphic file (type png)
<use wykresy/table/removeLast.png>
Package pdftex.def Info: wykresy/table/removeLast.png  used on input line 349.
(pdftex.def)             Requested size: 308.63815pt x 184.8478pt.
<wykresy/table/removeIndex.png, id=65, 362.883pt x 217.467pt>
File: wykresy/table/removeIndex.png Graphic file (type png)
<use wykresy/table/removeIndex.png>
Package pdftex.def Info: wykresy/table/removeIndex.png  used on input line 355.
(pdftex.def)             Requested size: 308.452pt x 184.8478pt.
<wykresy/table/find.png, id=66, 359.817pt x 217.467pt>
File: wykresy/table/find.png Graphic file (type png)
<use wykresy/table/find.png>
Package pdftex.def Info: wykresy/table/find.png  used on input line 361.
(pdftex.def)             Requested size: 305.84589pt x 184.8478pt.
 [10 <./wykresy/table/removeFirst.png> <./wykresy/table/removeLast.png> <./wykresy/table/removeIndex.png>]
<wykresy/heap/add.png, id=73, 450.702pt x 240.462pt>
File: wykresy/heap/add.png Graphic file (type png)
<use wykresy/heap/add.png>
Package pdftex.def Info: wykresy/heap/add.png  used on input line 392.
(pdftex.def)             Requested size: 383.09851pt x 204.39366pt.
<wykresy/heap/pop.png, id=74, 445.446pt x 240.243pt>
File: wykresy/heap/pop.png Graphic file (type png)
<use wykresy/heap/pop.png>
Package pdftex.def Info: wykresy/heap/pop.png  used on input line 398.
(pdftex.def)             Requested size: 378.63087pt x 204.2075pt.
 [11 <./wykresy/table/find.png> <./wykresy/heap/add.png>]
<wykresy/heap/find.png, id=80, 450.702pt x 240.243pt>
File: wykresy/heap/find.png Graphic file (type png)
<use wykresy/heap/find.png>
Package pdftex.def Info: wykresy/heap/find.png  used on input line 404.
(pdftex.def)             Requested size: 383.09851pt x 204.2075pt.
 [12 <./wykresy/heap/pop.png> <./wykresy/heap/find.png>]
<wykresy/rbt/add.png, id=87, 451.578pt x 236.301pt>
File: wykresy/rbt/add.png Graphic file (type png)
<use wykresy/rbt/add.png>
Package pdftex.def Info: wykresy/rbt/add.png  used on input line 435.
(pdftex.def)             Requested size: 383.84311pt x 200.85678pt.
<wykresy/rbt/remove.png, id=88, 487.494pt x 236.52pt>
File: wykresy/rbt/remove.png Graphic file (type png)
<use wykresy/rbt/remove.png>
Package pdftex.def Info: wykresy/rbt/remove.png  used on input line 441.
(pdftex.def)             Requested size: 414.37184pt x 201.04294pt.
<wykresy/rbt/find.png, id=89, 451.14pt x 237.396pt>
File: wykresy/rbt/find.png Graphic file (type png)
<use wykresy/rbt/find.png>
Package pdftex.def Info: wykresy/rbt/find.png  used on input line 447.
(pdftex.def)             Requested size: 383.4708pt x 201.78754pt.
 [13 <./wykresy/rbt/add.png> <./wykresy/rbt/remove.png>] [14 <./wykresy/rbt/find.png>] [15] [16] [17] [18] (Sprawozdanie.aux) ) 
Here is how much of TeX's memory you used:
 7247 strings out of 476334
 142703 string characters out of 5787971
 1973382 words of memory out of 5000000
 27590 multiletter control sequences out of 15000+600000
 518789 words of font info for 41 fonts, out of 8000000 for 9000
 1141 hyphenation exceptions out of 8191
 72i,19n,79p,667b,355s stack positions out of 10000i,1000n,20000p,200000b,200000s
 <C:\Users\dzied\AppData\Local\MiKTeX\fonts/pk/ljfour/jknappen/ec/dpi600\tcrm1000.pk> <C:\Users\dzied\AppData\Local\MiKTeX\fonts/pk/ljfour/jknappen/ec/dpi600\ecrm1000.pk> <C:\Users\dzied\AppData\Local\MiKTeX\fonts/pk/ljfour/jknappen/ec/dpi600\ecbx1000.pk> <C:\Users\dzied\AppData\Local\MiKTeX\fonts/pk/ljfour/jknappen/ec/dpi600\ecbx1440.pk> <C:\Users\dzied\AppData\Local\MiKTeX\fonts/pk/ljfour/jknappen/ec/dpi600\ecrm1200.pk> <C:\Users\dzied\AppData\Local\MiKTeX\fonts/pk/ljfour/jknappen/ec/dpi600\ecbx1200.pk> <C:\Users\dzied\AppData\Local\MiKTeX\fonts/pk/ljfour/jknappen/ec/dpi600\ecrm1440.pk> <C:\Users\dzied\AppData\Local\MiKTeX\fonts/pk/ljfour/jknappen/ec/dpi600\ecbx1728.pk><C:/Users/dzied/AppData/Local/Programs/MiKTeX/fonts/type1/public/amsfonts/cm/cmmi10.pfb><C:/Users/dzied/AppData/Local/Programs/MiKTeX/fonts/type1/public/amsfonts/cm/cmr10.pfb>
Output written on Sprawozdanie.pdf (19 pages, 1202220 bytes).
PDF statistics:
 422 PDF objects out of 1000 (max. 8388607)
 0 named destinations out of 1000 (max. 500000)
 101 words of extra memory for PDF output out of 10000 (max. 10000000)

